<?xml version="1.0" encoding="UTF-8"?>
<testng-results skipped="0" failed="1" total="1" passed="0">
  <reporter-output>
  </reporter-output>
  <suite name="Default suite" duration-ms="500" started-at="2011-10-21T21:05:47Z" finished-at="2011-10-21T21:05:47Z">
    <groups>
    </groups>
    <test name="Default test" duration-ms="500" started-at="2011-10-21T21:05:47Z" finished-at="2011-10-21T21:05:47Z">
      <class name="nl.cubix.scrabble.boardimporter.BoardExtracterTest">
        <test-method status="PASS" signature="setUp()[pri:0, instance:nl.cubix.scrabble.boardimporter.BoardExtracterTest@3901c6]" name="setUp" is-config="true" duration-ms="219" started-at="2011-10-21T21:05:47Z" finished-at="2011-10-21T21:05:47Z">
        </test-method>
        <test-method status="FAIL" signature="extract()[pri:0, instance:nl.cubix.scrabble.boardimporter.BoardExtracterTest@3901c6]" name="extract" duration-ms="266" started-at="2011-10-21T21:05:47Z" finished-at="2011-10-21T21:05:47Z">
          <exception class="java.awt.image.RasterFormatException">
            <message>
              <![CDATA[(x + width) is outside of Raster]]>
            </message>
            <full-stacktrace>
              <![CDATA[java.awt.image.RasterFormatException: (x + width) is outside of Raster
	at sun.awt.image.ByteInterleavedRaster.createWritableChild(ByteInterleavedRaster.java:1230)
	at java.awt.image.BufferedImage.getSubimage(BufferedImage.java:1156)
	at nl.cubix.scrabble.boardimporter.BoardExtracter.cropAndBlackAndWhite(BoardExtracter.java:223)
	at nl.cubix.scrabble.boardimporter.BoardExtracter.extractBoard(BoardExtracter.java:99)
	at nl.cubix.scrabble.boardimporter.BoardExtracter.extract(BoardExtracter.java:63)
	at nl.cubix.scrabble.boardimporter.BoardExtracterTest.extract(BoardExtracterTest.java:25)
	at sun.reflect.NativeMethodAccessorImpl.invoke0(Native Method)
	at sun.reflect.NativeMethodAccessorImpl.invoke(NativeMethodAccessorImpl.java:39)
	at sun.reflect.DelegatingMethodAccessorImpl.invoke(DelegatingMethodAccessorImpl.java:25)
	at java.lang.reflect.Method.invoke(Method.java:597)
	at org.testng.internal.MethodInvocationHelper.invokeMethod(MethodInvocationHelper.java:80)
	at org.testng.internal.Invoker.invokeMethod(Invoker.java:691)
	at org.testng.internal.Invoker.invokeTestMethod(Invoker.java:883)
	at org.testng.internal.Invoker.invokeTestMethods(Invoker.java:1208)
	at org.testng.internal.TestMethodWorker.invokeTestMethods(TestMethodWorker.java:127)
	at org.testng.internal.TestMethodWorker.run(TestMethodWorker.java:111)
	at org.testng.TestRunner.privateRun(TestRunner.java:753)
	at org.testng.TestRunner.run(TestRunner.java:613)
	at org.testng.SuiteRunner.runTest(SuiteRunner.java:334)
	at org.testng.SuiteRunner.runSequentially(SuiteRunner.java:329)
	at org.testng.SuiteRunner.privateRun(SuiteRunner.java:291)
	at org.testng.SuiteRunner.run(SuiteRunner.java:240)
	at org.testng.SuiteRunnerWorker.runSuite(SuiteRunnerWorker.java:52)
	at org.testng.SuiteRunnerWorker.run(SuiteRunnerWorker.java:86)
	at org.testng.TestNG.runSuitesSequentially(TestNG.java:1137)
	at org.testng.TestNG.runSuitesLocally(TestNG.java:1062)
	at org.testng.TestNG.run(TestNG.java:974)
	at org.testng.remote.RemoteTestNG.run(RemoteTestNG.java:109)
	at org.testng.remote.RemoteTestNG.initAndRun(RemoteTestNG.java:202)
	at org.testng.remote.RemoteTestNG.main(RemoteTestNG.java:173)
]]>
            </full-stacktrace>
          </exception>
        </test-method>
      </class>
    </test>
  </suite>
</testng-results>
